f:\_development\visual studio projects\visual c++\sampgamemodeapi\release\gamemodeapi.pdb
f:\_development\visual studio projects\visual c++\sampgamemodeapi\gamemodeapi\release\stringfunctions.obj
f:\_development\visual studio projects\visual c++\sampgamemodeapi\gamemodeapi\release\cvector3f.obj
f:\_development\visual studio projects\visual c++\sampgamemodeapi\gamemodeapi\release\fcnpc.obj
f:\_development\visual studio projects\visual c++\sampgamemodeapi\gamemodeapi\release\capi.obj
f:\_development\visual studio projects\visual c++\sampgamemodeapi\gamemodeapi\release\cbaseentity.obj
f:\_development\visual studio projects\visual c++\sampgamemodeapi\gamemodeapi\release\cplayerentity.obj
f:\_development\visual studio projects\visual c++\sampgamemodeapi\gamemodeapi\release\ccameraentity.obj
f:\_development\visual studio projects\visual c++\sampgamemodeapi\gamemodeapi\release\cvehicleentity.obj
f:\_development\visual studio projects\visual c++\sampgamemodeapi\gamemodeapi\release\cnpcentity.obj
f:\_development\visual studio projects\visual c++\sampgamemodeapi\gamemodeapi\release\cnpc.obj
f:\_development\visual studio projects\visual c++\sampgamemodeapi\gamemodeapi\release\cvehicle.obj
f:\_development\visual studio projects\visual c++\sampgamemodeapi\gamemodeapi\release\ccamera.obj
f:\_development\visual studio projects\visual c++\sampgamemodeapi\gamemodeapi\release\centity.obj
f:\_development\visual studio projects\visual c++\sampgamemodeapi\gamemodeapi\release\cplayer.obj
f:\_development\visual studio projects\visual c++\sampgamemodeapi\gamemodeapi\release\cpool.obj
f:\_development\visual studio projects\visual c++\sampgamemodeapi\gamemodeapi\release\cobjectproperties.obj
f:\_development\visual studio projects\visual c++\sampgamemodeapi\release\gamemodeapi.lib
f:\_development\visual studio projects\visual c++\sampgamemodeapi\gamemodeapi\release\gamemodeapi.tlog\cl.command.1.tlog
f:\_development\visual studio projects\visual c++\sampgamemodeapi\gamemodeapi\release\gamemodeapi.tlog\cl.read.1.tlog
f:\_development\visual studio projects\visual c++\sampgamemodeapi\gamemodeapi\release\gamemodeapi.tlog\cl.write.1.tlog
f:\_development\visual studio projects\visual c++\sampgamemodeapi\gamemodeapi\release\gamemodeapi.tlog\lib-link.read.1.tlog
f:\_development\visual studio projects\visual c++\sampgamemodeapi\gamemodeapi\release\gamemodeapi.tlog\lib-link.write.1.tlog
f:\_development\visual studio projects\visual c++\sampgamemodeapi\gamemodeapi\release\gamemodeapi.tlog\lib.command.1.tlog
